<?xml version="1.0" encoding="UTF-8"?>
<testng-results skipped="0" failed="0" total="2" passed="2">
  <reporter-output>
  </reporter-output>
  <suite name="Default suite" duration-ms="250" started-at="2016-08-27T06:36:04Z" finished-at="2016-08-27T06:36:04Z">
    <groups>
    </groups>
    <test name="Default test" duration-ms="250" started-at="2016-08-27T06:36:04Z" finished-at="2016-08-27T06:36:04Z">
      <class name="CalculatorTests.CalculatorTestMultiplyTestNG">
        <test-method status="PASS" signature="testMultNumbers(int, int, java.lang.Object)[pri:0, instance:CalculatorTests.CalculatorTestMultiplyTestNG@b97c004]" name="testMultNumbers" duration-ms="54" started-at="2016-08-27T01:36:04Z" data-provider="dp" finished-at="2016-08-27T01:36:04Z">
          <params>
            <param index="0">
              <value>
                <![CDATA[2]]>
              </value>
            </param>
            <param index="1">
              <value>
                <![CDATA[2]]>
              </value>
            </param>
            <param index="2">
              <value>
                <![CDATA[4.0]]>
              </value>
            </param>
          </params>
          <reporter-output>
          </reporter-output>
        </test-method> <!-- testMultNumbers -->
        <test-method status="PASS" signature="testMultNumbers(int, int, java.lang.Object)[pri:0, instance:CalculatorTests.CalculatorTestMultiplyTestNG@b97c004]" name="testMultNumbers" duration-ms="29" started-at="2016-08-27T01:36:04Z" data-provider="dp" finished-at="2016-08-27T01:36:04Z">
          <params>
            <param index="0">
              <value>
                <![CDATA[3]]>
              </value>
            </param>
            <param index="1">
              <value>
                <![CDATA[3]]>
              </value>
            </param>
            <param index="2">
              <value>
                <![CDATA[9.0]]>
              </value>
            </param>
          </params>
          <reporter-output>
          </reporter-output>
        </test-method> <!-- testMultNumbers -->
      </class> <!-- CalculatorTests.CalculatorTestMultiplyTestNG -->
    </test> <!-- Default test -->
  </suite> <!-- Default suite -->
</testng-results>
